This file contains any messages produced by compilers while
running configure, to aid debugging if configure makes a mistake.

It was created by snappy configure 1.1.4, which was
generated by GNU Autoconf 2.69.  Invocation command line was

  $ ./configure --no-create --no-recursion

## --------- ##
## Platform. ##
## --------- ##

hostname = linaro-alip
uname -m = armv7l
uname -r = 4.4.16-00010-g0fce7eb-dirty
uname -s = Linux
uname -v = #1 SMP Mon Jul 3 14:44:48 CST 2017

/usr/bin/uname -p = unknown
/bin/uname -X     = unknown

/bin/arch              = unknown
/usr/bin/arch -k       = unknown
/usr/convex/getsysinfo = unknown
/usr/bin/hostinfo      = unknown
/bin/machine           = unknown
/usr/bin/oslevel       = unknown
/bin/universe          = unknown

PATH: /usr/local/bin
PATH: /usr/bin
PATH: /bin
PATH: /usr/local/games
PATH: /usr/games


## ----------- ##
## Core tests. ##
## ----------- ##

configure:2622: checking for a BSD-compatible install
configure:2690: result: /usr/bin/install -c
configure:2701: checking whether build environment is sane
configure:2756: result: yes
configure:2907: checking for a thread-safe mkdir -p
configure:2946: result: /bin/mkdir -p
configure:2953: checking for gawk
configure:2983: result: no
configure:2953: checking for mawk
configure:2969: found /usr/bin/mawk
configure:2980: result: mawk
configure:2991: checking whether make sets $(MAKE)
configure:3013: result: yes
configure:3042: checking whether make supports nested variables
configure:3059: result: yes
configure:3215: checking build system type
configure:3229: result: armv7l-unknown-linux-gnueabihf
configure:3249: checking host system type
configure:3262: result: armv7l-unknown-linux-gnueabihf
configure:3303: checking how to print strings
configure:3330: result: printf
configure:3363: checking for style of include used by make
configure:3391: result: GNU
configure:3462: checking for gcc
configure:3478: found /usr/bin/gcc
configure:3489: result: gcc
configure:3718: checking for C compiler version
configure:3727: gcc --version >&5
gcc (Debian 6.3.0-18) 6.3.0 20170516
Copyright (C) 2016 Free Software Foundation, Inc.
This is free software; see the source for copying conditions.  There is NO
warranty; not even for MERCHANTABILITY or FITNESS FOR A PARTICULAR PURPOSE.

configure:3738: $? = 0
configure:3727: gcc -v >&5
Using built-in specs.
COLLECT_GCC=gcc
COLLECT_LTO_WRAPPER=/usr/lib/gcc/arm-linux-gnueabihf/6/lto-wrapper
Target: arm-linux-gnueabihf
Configured with: ../src/configure -v --with-pkgversion='Debian 6.3.0-18' --with-bugurl=file:///usr/share/doc/gcc-6/README.Bugs --enable-languages=c,ada,c++,java,go,d,fortran,objc,obj-c++ --prefix=/usr --program-suffix=-6 --program-prefix=arm-linux-gnueabihf- --enable-shared --enable-linker-build-id --libexecdir=/usr/lib --without-included-gettext --enable-threads=posix --libdir=/usr/lib --enable-nls --with-sysroot=/ --enable-clocale=gnu --enable-libstdcxx-debug --enable-libstdcxx-time=yes --with-default-libstdcxx-abi=new --enable-gnu-unique-object --disable-libitm --disable-libquadmath --enable-plugin --enable-default-pie --with-system-zlib --disable-browser-plugin --enable-java-awt=gtk --enable-gtk-cairo --with-java-home=/usr/lib/jvm/java-1.5.0-gcj-6-armhf/jre --enable-java-home --with-jvm-root-dir=/usr/lib/jvm/java-1.5.0-gcj-6-armhf --with-jvm-jar-dir=/usr/lib/jvm-exports/java-1.5.0-gcj-6-armhf --with-arch-directory=arm --with-ecj-jar=/usr/share/java/eclipse-ecj.jar --with-target-system-zlib --enable-objc-gc=auto --enable-multiarch --disable-sjlj-exceptions --with-arch=armv7-a --with-fpu=vfpv3-d16 --with-float=hard --with-mode=thumb --enable-checking=release --build=arm-linux-gnueabihf --host=arm-linux-gnueabihf --target=arm-linux-gnueabihf
Thread model: posix
gcc version 6.3.0 20170516 (Debian 6.3.0-18) 
configure:3738: $? = 0
configure:3727: gcc -V >&5
gcc: error: unrecognized command line option '-V'
gcc: fatal error: no input files
compilation terminated.
configure:3738: $? = 1
configure:3727: gcc -qversion >&5
gcc: error: unrecognized command line option '-qversion'; did you mean '--version'?
gcc: fatal error: no input files
compilation terminated.
configure:3738: $? = 1
configure:3758: checking whether the C compiler works
configure:3780: gcc    conftest.c  >&5
configure:3784: $? = 0
configure:3832: result: yes
configure:3835: checking for C compiler default output file name
configure:3837: result: a.out
configure:3843: checking for suffix of executables
configure:3850: gcc -o conftest    conftest.c  >&5
configure:3854: $? = 0
configure:3876: result: 
configure:3898: checking whether we are cross compiling
configure:3906: gcc -o conftest    conftest.c  >&5
configure:3910: $? = 0
configure:3917: ./conftest
configure:3921: $? = 0
configure:3936: result: no
configure:3941: checking for suffix of object files
configure:3963: gcc -c   conftest.c >&5
configure:3967: $? = 0
configure:3988: result: o
configure:3992: checking whether we are using the GNU C compiler
configure:4011: gcc -c   conftest.c >&5
configure:4011: $? = 0
configure:4020: result: yes
configure:4029: checking whether gcc accepts -g
configure:4049: gcc -c -g  conftest.c >&5
configure:4049: $? = 0
configure:4090: result: yes
configure:4107: checking for gcc option to accept ISO C89
configure:4170: gcc  -c -g -O2  conftest.c >&5
configure:4170: $? = 0
configure:4183: result: none needed
configure:4208: checking whether gcc understands -c and -o together
configure:4230: gcc -c conftest.c -o conftest2.o
configure:4233: $? = 0
configure:4230: gcc -c conftest.c -o conftest2.o
configure:4233: $? = 0
configure:4245: result: yes
configure:4264: checking dependency style of gcc
configure:4375: result: gcc3
configure:4390: checking for a sed that does not truncate output
configure:4454: result: /bin/sed
configure:4472: checking for grep that handles long lines and -e
configure:4530: result: /bin/grep
configure:4535: checking for egrep
configure:4597: result: /bin/grep -E
configure:4602: checking for fgrep
configure:4664: result: /bin/grep -F
configure:4699: checking for ld used by gcc
configure:4766: result: /usr/bin/ld
configure:4773: checking if the linker (/usr/bin/ld) is GNU ld
configure:4788: result: yes
configure:4800: checking for BSD- or MS-compatible name lister (nm)
configure:4854: result: /usr/bin/nm -B
configure:4984: checking the name lister (/usr/bin/nm -B) interface
configure:4991: gcc -c -g -O2  conftest.c >&5
configure:4994: /usr/bin/nm -B "conftest.o"
configure:4997: output
00000000 B some_variable
configure:5004: result: BSD nm
configure:5007: checking whether ln -s works
configure:5011: result: yes
configure:5019: checking the maximum length of command line arguments
configure:5150: result: 1572864
configure:5198: checking how to convert armv7l-unknown-linux-gnueabihf file names to armv7l-unknown-linux-gnueabihf format
configure:5238: result: func_convert_file_noop
configure:5245: checking how to convert armv7l-unknown-linux-gnueabihf file names to toolchain format
configure:5265: result: func_convert_file_noop
configure:5272: checking for /usr/bin/ld option to reload object files
configure:5279: result: -r
configure:5353: checking for objdump
configure:5369: found /usr/bin/objdump
configure:5380: result: objdump
configure:5412: checking how to recognize dependent libraries
configure:5612: result: pass_all
configure:5697: checking for dlltool
configure:5727: result: no
configure:5757: checking how to associate runtime and link libraries
configure:5784: result: printf %s\n
configure:5845: checking for ar
configure:5861: found /usr/bin/ar
configure:5872: result: ar
configure:5909: checking for archiver @FILE support
configure:5926: gcc -c -g -O2  conftest.c >&5
configure:5926: $? = 0
configure:5929: ar cru libconftest.a @conftest.lst >&5
ar: `u' modifier ignored since `D' is the default (see `U')
configure:5932: $? = 0
configure:5937: ar cru libconftest.a @conftest.lst >&5
ar: `u' modifier ignored since `D' is the default (see `U')
ar: conftest.o: No such file or directory
configure:5940: $? = 1
configure:5952: result: @
configure:6010: checking for strip
configure:6026: found /usr/bin/strip
configure:6037: result: strip
configure:6109: checking for ranlib
configure:6125: found /usr/bin/ranlib
configure:6136: result: ranlib
configure:6238: checking command to parse /usr/bin/nm -B output from gcc object
configure:6391: gcc -c -g -O2  conftest.c >&5
configure:6394: $? = 0
configure:6398: /usr/bin/nm -B conftest.o \| sed -n -e 's/^.*[ ]\([ABCDGIRSTW][ABCDGIRSTW]*\)[ ][ ]*\([_A-Za-z][_A-Za-z0-9]*\)$/\1 \2 \2/p' | sed '/ __gnu_lto/d' \> conftest.nm
configure:6401: $? = 0
configure:6467: gcc -o conftest -g -O2   conftest.c conftstm.o >&5
configure:6470: $? = 0
configure:6508: result: ok
configure:6555: checking for sysroot
configure:6585: result: no
configure:6592: checking for a working dd
configure:6630: result: /bin/dd
configure:6634: checking how to truncate binary pipes
configure:6649: result: /bin/dd bs=4096 count=1
configure:6978: checking for mt
configure:6994: found /bin/mt
configure:7005: result: mt
configure:7028: checking if mt is a manifest tool
configure:7034: mt '-?'
configure:7042: result: no
configure:7719: checking how to run the C preprocessor
configure:7750: gcc -E  conftest.c
configure:7750: $? = 0
configure:7764: gcc -E  conftest.c
conftest.c:11:28: fatal error: ac_nonexistent.h: No such file or directory
 #include <ac_nonexistent.h>
                            ^
compilation terminated.
configure:7764: $? = 1
configure: failed program was:
| /* confdefs.h */
| #define PACKAGE_NAME "snappy"
| #define PACKAGE_TARNAME "snappy"
| #define PACKAGE_VERSION "1.1.4"
| #define PACKAGE_STRING "snappy 1.1.4"
| #define PACKAGE_BUGREPORT ""
| #define PACKAGE_URL ""
| #define PACKAGE "snappy"
| #define VERSION "1.1.4"
| /* end confdefs.h.  */
| #include <ac_nonexistent.h>
configure:7789: result: gcc -E
configure:7809: gcc -E  conftest.c
configure:7809: $? = 0
configure:7823: gcc -E  conftest.c
conftest.c:11:28: fatal error: ac_nonexistent.h: No such file or directory
 #include <ac_nonexistent.h>
                            ^
compilation terminated.
configure:7823: $? = 1
configure: failed program was:
| /* confdefs.h */
| #define PACKAGE_NAME "snappy"
| #define PACKAGE_TARNAME "snappy"
| #define PACKAGE_VERSION "1.1.4"
| #define PACKAGE_STRING "snappy 1.1.4"
| #define PACKAGE_BUGREPORT ""
| #define PACKAGE_URL ""
| #define PACKAGE "snappy"
| #define VERSION "1.1.4"
| /* end confdefs.h.  */
| #include <ac_nonexistent.h>
configure:7852: checking for ANSI C header files
configure:7872: gcc -c -g -O2  conftest.c >&5
configure:7872: $? = 0
configure:7945: gcc -o conftest -g -O2   conftest.c  >&5
configure:7945: $? = 0
configure:7945: ./conftest
configure:7945: $? = 0
configure:7956: result: yes
configure:7969: checking for sys/types.h
configure:7969: gcc -c -g -O2  conftest.c >&5
configure:7969: $? = 0
configure:7969: result: yes
configure:7969: checking for sys/stat.h
configure:7969: gcc -c -g -O2  conftest.c >&5
configure:7969: $? = 0
configure:7969: result: yes
configure:7969: checking for stdlib.h
configure:7969: gcc -c -g -O2  conftest.c >&5
configure:7969: $? = 0
configure:7969: result: yes
configure:7969: checking for string.h
configure:7969: gcc -c -g -O2  conftest.c >&5
configure:7969: $? = 0
configure:7969: result: yes
configure:7969: checking for memory.h
configure:7969: gcc -c -g -O2  conftest.c >&5
configure:7969: $? = 0
configure:7969: result: yes
configure:7969: checking for strings.h
configure:7969: gcc -c -g -O2  conftest.c >&5
configure:7969: $? = 0
configure:7969: result: yes
configure:7969: checking for inttypes.h
configure:7969: gcc -c -g -O2  conftest.c >&5
configure:7969: $? = 0
configure:7969: result: yes
configure:7969: checking for stdint.h
configure:7969: gcc -c -g -O2  conftest.c >&5
configure:7969: $? = 0
configure:7969: result: yes
configure:7969: checking for unistd.h
configure:7969: gcc -c -g -O2  conftest.c >&5
configure:7969: $? = 0
configure:7969: result: yes
configure:7983: checking for dlfcn.h
configure:7983: gcc -c -g -O2  conftest.c >&5
configure:7983: $? = 0
configure:7983: result: yes
configure:8239: checking for objdir
configure:8254: result: .libs
configure:8514: checking if gcc supports -fno-rtti -fno-exceptions
configure:8532: gcc -c -g -O2  -fno-rtti -fno-exceptions conftest.c >&5
cc1: warning: command line option '-fno-rtti' is valid for C++/ObjC++ but not for C
configure:8536: $? = 0
configure:8549: result: no
configure:8907: checking for gcc option to produce PIC
configure:8914: result: -fPIC -DPIC
configure:8922: checking if gcc PIC flag -fPIC -DPIC works
configure:8940: gcc -c -g -O2  -fPIC -DPIC -DPIC conftest.c >&5
configure:8944: $? = 0
configure:8957: result: yes
configure:8986: checking if gcc static flag -static works
configure:9014: result: yes
configure:9029: checking if gcc supports -c -o file.o
configure:9050: gcc -c -g -O2  -o out/conftest2.o conftest.c >&5
configure:9054: $? = 0
configure:9076: result: yes
configure:9084: checking if gcc supports -c -o file.o
configure:9131: result: yes
configure:9164: checking whether the gcc linker (/usr/bin/ld) supports shared libraries
configure:10427: result: yes
configure:10464: checking whether -lc should be explicitly linked in
configure:10472: gcc -c -g -O2  conftest.c >&5
configure:10475: $? = 0
configure:10490: gcc -shared  -fPIC -DPIC conftest.o  -v -Wl,-soname -Wl,conftest -o conftest 2\>\&1 \| /bin/grep  -lc  \>/dev/null 2\>\&1
configure:10493: $? = 0
configure:10507: result: no
configure:10667: checking dynamic linker characteristics
configure:11248: gcc -o conftest -g -O2   -Wl,-rpath -Wl,/foo conftest.c  >&5
configure:11248: $? = 0
configure:11497: result: GNU/Linux ld.so
configure:11619: checking how to hardcode library paths into programs
configure:11644: result: immediate
configure:12192: checking whether stripping libraries is possible
configure:12197: result: yes
configure:12232: checking if libtool supports shared libraries
configure:12234: result: yes
configure:12237: checking whether to build shared libraries
configure:12262: result: yes
configure:12265: checking whether to build static libraries
configure:12269: result: yes
configure:12365: checking for g++
configure:12381: found /usr/bin/g++
configure:12392: result: g++
configure:12419: checking for C++ compiler version
configure:12428: g++ --version >&5
g++ (Debian 6.3.0-18) 6.3.0 20170516
Copyright (C) 2016 Free Software Foundation, Inc.
This is free software; see the source for copying conditions.  There is NO
warranty; not even for MERCHANTABILITY or FITNESS FOR A PARTICULAR PURPOSE.

configure:12439: $? = 0
configure:12428: g++ -v >&5
Using built-in specs.
COLLECT_GCC=g++
COLLECT_LTO_WRAPPER=/usr/lib/gcc/arm-linux-gnueabihf/6/lto-wrapper
Target: arm-linux-gnueabihf
Configured with: ../src/configure -v --with-pkgversion='Debian 6.3.0-18' --with-bugurl=file:///usr/share/doc/gcc-6/README.Bugs --enable-languages=c,ada,c++,java,go,d,fortran,objc,obj-c++ --prefix=/usr --program-suffix=-6 --program-prefix=arm-linux-gnueabihf- --enable-shared --enable-linker-build-id --libexecdir=/usr/lib --without-included-gettext --enable-threads=posix --libdir=/usr/lib --enable-nls --with-sysroot=/ --enable-clocale=gnu --enable-libstdcxx-debug --enable-libstdcxx-time=yes --with-default-libstdcxx-abi=new --enable-gnu-unique-object --disable-libitm --disable-libquadmath --enable-plugin --enable-default-pie --with-system-zlib --disable-browser-plugin --enable-java-awt=gtk --enable-gtk-cairo --with-java-home=/usr/lib/jvm/java-1.5.0-gcj-6-armhf/jre --enable-java-home --with-jvm-root-dir=/usr/lib/jvm/java-1.5.0-gcj-6-armhf --with-jvm-jar-dir=/usr/lib/jvm-exports/java-1.5.0-gcj-6-armhf --with-arch-directory=arm --with-ecj-jar=/usr/share/java/eclipse-ecj.jar --with-target-system-zlib --enable-objc-gc=auto --enable-multiarch --disable-sjlj-exceptions --with-arch=armv7-a --with-fpu=vfpv3-d16 --with-float=hard --with-mode=thumb --enable-checking=release --build=arm-linux-gnueabihf --host=arm-linux-gnueabihf --target=arm-linux-gnueabihf
Thread model: posix
gcc version 6.3.0 20170516 (Debian 6.3.0-18) 
configure:12439: $? = 0
configure:12428: g++ -V >&5
g++: error: unrecognized command line option '-V'
g++: fatal error: no input files
compilation terminated.
configure:12439: $? = 1
configure:12428: g++ -qversion >&5
g++: error: unrecognized command line option '-qversion'; did you mean '--version'?
g++: fatal error: no input files
compilation terminated.
configure:12439: $? = 1
configure:12443: checking whether we are using the GNU C++ compiler
configure:12462: g++ -c   conftest.cpp >&5
configure:12462: $? = 0
configure:12471: result: yes
configure:12480: checking whether g++ accepts -g
configure:12500: g++ -c -g  conftest.cpp >&5
configure:12500: $? = 0
configure:12541: result: yes
configure:12566: checking dependency style of g++
configure:12677: result: gcc3
configure:12710: checking how to run the C++ preprocessor
configure:12737: g++ -E  conftest.cpp
configure:12737: $? = 0
configure:12751: g++ -E  conftest.cpp
conftest.cpp:23:28: fatal error: ac_nonexistent.h: No such file or directory
 #include <ac_nonexistent.h>
                            ^
compilation terminated.
configure:12751: $? = 1
configure: failed program was:
| /* confdefs.h */
| #define PACKAGE_NAME "snappy"
| #define PACKAGE_TARNAME "snappy"
| #define PACKAGE_VERSION "1.1.4"
| #define PACKAGE_STRING "snappy 1.1.4"
| #define PACKAGE_BUGREPORT ""
| #define PACKAGE_URL ""
| #define PACKAGE "snappy"
| #define VERSION "1.1.4"
| #define STDC_HEADERS 1
| #define HAVE_SYS_TYPES_H 1
| #define HAVE_SYS_STAT_H 1
| #define HAVE_STDLIB_H 1
| #define HAVE_STRING_H 1
| #define HAVE_MEMORY_H 1
| #define HAVE_STRINGS_H 1
| #define HAVE_INTTYPES_H 1
| #define HAVE_STDINT_H 1
| #define HAVE_UNISTD_H 1
| #define HAVE_DLFCN_H 1
| #define LT_OBJDIR ".libs/"
| /* end confdefs.h.  */
| #include <ac_nonexistent.h>
configure:12776: result: g++ -E
configure:12796: g++ -E  conftest.cpp
configure:12796: $? = 0
configure:12810: g++ -E  conftest.cpp
conftest.cpp:23:28: fatal error: ac_nonexistent.h: No such file or directory
 #include <ac_nonexistent.h>
                            ^
compilation terminated.
configure:12810: $? = 1
configure: failed program was:
| /* confdefs.h */
| #define PACKAGE_NAME "snappy"
| #define PACKAGE_TARNAME "snappy"
| #define PACKAGE_VERSION "1.1.4"
| #define PACKAGE_STRING "snappy 1.1.4"
| #define PACKAGE_BUGREPORT ""
| #define PACKAGE_URL ""
| #define PACKAGE "snappy"
| #define VERSION "1.1.4"
| #define STDC_HEADERS 1
| #define HAVE_SYS_TYPES_H 1
| #define HAVE_SYS_STAT_H 1
| #define HAVE_STDLIB_H 1
| #define HAVE_STRING_H 1
| #define HAVE_MEMORY_H 1
| #define HAVE_STRINGS_H 1
| #define HAVE_INTTYPES_H 1
| #define HAVE_STDINT_H 1
| #define HAVE_UNISTD_H 1
| #define HAVE_DLFCN_H 1
| #define LT_OBJDIR ".libs/"
| /* end confdefs.h.  */
| #include <ac_nonexistent.h>
configure:12972: checking for ld used by g++
configure:13039: result: /usr/bin/ld
configure:13046: checking if the linker (/usr/bin/ld) is GNU ld
configure:13061: result: yes
configure:13116: checking whether the g++ linker (/usr/bin/ld) supports shared libraries
configure:14189: result: yes
configure:14225: g++ -c -g -O2  conftest.cpp >&5
configure:14228: $? = 0
configure:14709: checking for g++ option to produce PIC
configure:14716: result: -fPIC -DPIC
configure:14724: checking if g++ PIC flag -fPIC -DPIC works
configure:14742: g++ -c -g -O2  -fPIC -DPIC -DPIC conftest.cpp >&5
configure:14746: $? = 0
configure:14759: result: yes
configure:14782: checking if g++ static flag -static works
configure:14810: result: yes
configure:14822: checking if g++ supports -c -o file.o
configure:14843: g++ -c -g -O2  -o out/conftest2.o conftest.cpp >&5
configure:14847: $? = 0
configure:14869: result: yes
configure:14874: checking if g++ supports -c -o file.o
configure:14921: result: yes
configure:14951: checking whether the g++ linker (/usr/bin/ld) supports shared libraries
configure:14994: result: yes
configure:15135: checking dynamic linker characteristics
configure:15892: result: GNU/Linux ld.so
configure:15957: checking how to hardcode library paths into programs
configure:15982: result: immediate
configure:16028: checking whether byte ordering is bigendian
configure:16043: g++ -c -g -O2  conftest.cpp >&5
conftest.cpp:24:9: error: expected unqualified-id before 'not' token
         not a universal capable compiler
         ^~~
configure:16043: $? = 1
configure: failed program was:
| /* confdefs.h */
| #define PACKAGE_NAME "snappy"
| #define PACKAGE_TARNAME "snappy"
| #define PACKAGE_VERSION "1.1.4"
| #define PACKAGE_STRING "snappy 1.1.4"
| #define PACKAGE_BUGREPORT ""
| #define PACKAGE_URL ""
| #define PACKAGE "snappy"
| #define VERSION "1.1.4"
| #define STDC_HEADERS 1
| #define HAVE_SYS_TYPES_H 1
| #define HAVE_SYS_STAT_H 1
| #define HAVE_STDLIB_H 1
| #define HAVE_STRING_H 1
| #define HAVE_MEMORY_H 1
| #define HAVE_STRINGS_H 1
| #define HAVE_INTTYPES_H 1
| #define HAVE_STDINT_H 1
| #define HAVE_UNISTD_H 1
| #define HAVE_DLFCN_H 1
| #define LT_OBJDIR ".libs/"
| /* end confdefs.h.  */
| #ifndef __APPLE_CC__
| 	       not a universal capable compiler
| 	     #endif
| 	     typedef int dummy;
| 
configure:16088: g++ -c -g -O2  conftest.cpp >&5
configure:16088: $? = 0
configure:16106: g++ -c -g -O2  conftest.cpp >&5
conftest.cpp: In function 'int main()':
conftest.cpp:30:8: error: 'big' was not declared in this scope
    not big endian
        ^~~
configure:16106: $? = 1
configure: failed program was:
| /* confdefs.h */
| #define PACKAGE_NAME "snappy"
| #define PACKAGE_TARNAME "snappy"
| #define PACKAGE_VERSION "1.1.4"
| #define PACKAGE_STRING "snappy 1.1.4"
| #define PACKAGE_BUGREPORT ""
| #define PACKAGE_URL ""
| #define PACKAGE "snappy"
| #define VERSION "1.1.4"
| #define STDC_HEADERS 1
| #define HAVE_SYS_TYPES_H 1
| #define HAVE_SYS_STAT_H 1
| #define HAVE_STDLIB_H 1
| #define HAVE_STRING_H 1
| #define HAVE_MEMORY_H 1
| #define HAVE_STRINGS_H 1
| #define HAVE_INTTYPES_H 1
| #define HAVE_STDINT_H 1
| #define HAVE_UNISTD_H 1
| #define HAVE_DLFCN_H 1
| #define LT_OBJDIR ".libs/"
| /* end confdefs.h.  */
| #include <sys/types.h>
| 		#include <sys/param.h>
| 
| int
| main ()
| {
| #if BYTE_ORDER != BIG_ENDIAN
| 		 not big endian
| 		#endif
| 
|   ;
|   return 0;
| }
configure:16234: result: no
configure:16252: checking for size_t
configure:16252: g++ -c -g -O2  conftest.cpp >&5
configure:16252: $? = 0
configure:16252: g++ -c -g -O2  conftest.cpp >&5
conftest.cpp: In function 'int main()':
conftest.cpp:59:20: error: expected primary-expression before ')' token
 if (sizeof ((size_t)))
                    ^
configure:16252: $? = 1
configure: failed program was:
| /* confdefs.h */
| #define PACKAGE_NAME "snappy"
| #define PACKAGE_TARNAME "snappy"
| #define PACKAGE_VERSION "1.1.4"
| #define PACKAGE_STRING "snappy 1.1.4"
| #define PACKAGE_BUGREPORT ""
| #define PACKAGE_URL ""
| #define PACKAGE "snappy"
| #define VERSION "1.1.4"
| #define STDC_HEADERS 1
| #define HAVE_SYS_TYPES_H 1
| #define HAVE_SYS_STAT_H 1
| #define HAVE_STDLIB_H 1
| #define HAVE_STRING_H 1
| #define HAVE_MEMORY_H 1
| #define HAVE_STRINGS_H 1
| #define HAVE_INTTYPES_H 1
| #define HAVE_STDINT_H 1
| #define HAVE_UNISTD_H 1
| #define HAVE_DLFCN_H 1
| #define LT_OBJDIR ".libs/"
| /* end confdefs.h.  */
| #include <stdio.h>
| #ifdef HAVE_SYS_TYPES_H
| # include <sys/types.h>
| #endif
| #ifdef HAVE_SYS_STAT_H
| # include <sys/stat.h>
| #endif
| #ifdef STDC_HEADERS
| # include <stdlib.h>
| # include <stddef.h>
| #else
| # ifdef HAVE_STDLIB_H
| #  include <stdlib.h>
| # endif
| #endif
| #ifdef HAVE_STRING_H
| # if !defined STDC_HEADERS && defined HAVE_MEMORY_H
| #  include <memory.h>
| # endif
| # include <string.h>
| #endif
| #ifdef HAVE_STRINGS_H
| # include <strings.h>
| #endif
| #ifdef HAVE_INTTYPES_H
| # include <inttypes.h>
| #endif
| #ifdef HAVE_STDINT_H
| # include <stdint.h>
| #endif
| #ifdef HAVE_UNISTD_H
| # include <unistd.h>
| #endif
| int
| main ()
| {
| if (sizeof ((size_t)))
| 	    return 0;
|   ;
|   return 0;
| }
configure:16252: result: yes
configure:16263: checking for ssize_t
configure:16263: g++ -c -g -O2  conftest.cpp >&5
configure:16263: $? = 0
configure:16263: g++ -c -g -O2  conftest.cpp >&5
conftest.cpp: In function 'int main()':
conftest.cpp:59:21: error: expected primary-expression before ')' token
 if (sizeof ((ssize_t)))
                     ^
configure:16263: $? = 1
configure: failed program was:
| /* confdefs.h */
| #define PACKAGE_NAME "snappy"
| #define PACKAGE_TARNAME "snappy"
| #define PACKAGE_VERSION "1.1.4"
| #define PACKAGE_STRING "snappy 1.1.4"
| #define PACKAGE_BUGREPORT ""
| #define PACKAGE_URL ""
| #define PACKAGE "snappy"
| #define VERSION "1.1.4"
| #define STDC_HEADERS 1
| #define HAVE_SYS_TYPES_H 1
| #define HAVE_SYS_STAT_H 1
| #define HAVE_STDLIB_H 1
| #define HAVE_STRING_H 1
| #define HAVE_MEMORY_H 1
| #define HAVE_STRINGS_H 1
| #define HAVE_INTTYPES_H 1
| #define HAVE_STDINT_H 1
| #define HAVE_UNISTD_H 1
| #define HAVE_DLFCN_H 1
| #define LT_OBJDIR ".libs/"
| /* end confdefs.h.  */
| #include <stdio.h>
| #ifdef HAVE_SYS_TYPES_H
| # include <sys/types.h>
| #endif
| #ifdef HAVE_SYS_STAT_H
| # include <sys/stat.h>
| #endif
| #ifdef STDC_HEADERS
| # include <stdlib.h>
| # include <stddef.h>
| #else
| # ifdef HAVE_STDLIB_H
| #  include <stdlib.h>
| # endif
| #endif
| #ifdef HAVE_STRING_H
| # if !defined STDC_HEADERS && defined HAVE_MEMORY_H
| #  include <memory.h>
| # endif
| # include <string.h>
| #endif
| #ifdef HAVE_STRINGS_H
| # include <strings.h>
| #endif
| #ifdef HAVE_INTTYPES_H
| # include <inttypes.h>
| #endif
| #ifdef HAVE_STDINT_H
| # include <stdint.h>
| #endif
| #ifdef HAVE_UNISTD_H
| # include <unistd.h>
| #endif
| int
| main ()
| {
| if (sizeof ((ssize_t)))
| 	    return 0;
|   ;
|   return 0;
| }
configure:16263: result: yes
configure:16278: checking for stdint.h
configure:16278: result: yes
configure:16278: checking stddef.h usability
configure:16278: g++ -c -g -O2  conftest.cpp >&5
configure:16278: $? = 0
configure:16278: result: yes
configure:16278: checking stddef.h presence
configure:16278: g++ -E  conftest.cpp
configure:16278: $? = 0
configure:16278: result: yes
configure:16278: checking for stddef.h
configure:16278: result: yes
configure:16278: checking sys/mman.h usability
configure:16278: g++ -c -g -O2  conftest.cpp >&5
configure:16278: $? = 0
configure:16278: result: yes
configure:16278: checking sys/mman.h presence
configure:16278: g++ -E  conftest.cpp
configure:16278: $? = 0
configure:16278: result: yes
configure:16278: checking for sys/mman.h
configure:16278: result: yes
configure:16278: checking sys/resource.h usability
configure:16278: g++ -c -g -O2  conftest.cpp >&5
configure:16278: $? = 0
configure:16278: result: yes
configure:16278: checking sys/resource.h presence
configure:16278: g++ -E  conftest.cpp
configure:16278: $? = 0
configure:16278: result: yes
configure:16278: checking for sys/resource.h
configure:16278: result: yes
configure:16278: checking windows.h usability
configure:16278: g++ -c -g -O2  conftest.cpp >&5
conftest.cpp:60:21: fatal error: windows.h: No such file or directory
 #include <windows.h>
                     ^
compilation terminated.
configure:16278: $? = 1
configure: failed program was:
| /* confdefs.h */
| #define PACKAGE_NAME "snappy"
| #define PACKAGE_TARNAME "snappy"
| #define PACKAGE_VERSION "1.1.4"
| #define PACKAGE_STRING "snappy 1.1.4"
| #define PACKAGE_BUGREPORT ""
| #define PACKAGE_URL ""
| #define PACKAGE "snappy"
| #define VERSION "1.1.4"
| #define STDC_HEADERS 1
| #define HAVE_SYS_TYPES_H 1
| #define HAVE_SYS_STAT_H 1
| #define HAVE_STDLIB_H 1
| #define HAVE_STRING_H 1
| #define HAVE_MEMORY_H 1
| #define HAVE_STRINGS_H 1
| #define HAVE_INTTYPES_H 1
| #define HAVE_STDINT_H 1
| #define HAVE_UNISTD_H 1
| #define HAVE_DLFCN_H 1
| #define LT_OBJDIR ".libs/"
| #define HAVE_STDINT_H 1
| #define HAVE_STDDEF_H 1
| #define HAVE_SYS_MMAN_H 1
| #define HAVE_SYS_RESOURCE_H 1
| /* end confdefs.h.  */
| #include <stdio.h>
| #ifdef HAVE_SYS_TYPES_H
| # include <sys/types.h>
| #endif
| #ifdef HAVE_SYS_STAT_H
| # include <sys/stat.h>
| #endif
| #ifdef STDC_HEADERS
| # include <stdlib.h>
| # include <stddef.h>
| #else
| # ifdef HAVE_STDLIB_H
| #  include <stdlib.h>
| # endif
| #endif
| #ifdef HAVE_STRING_H
| # if !defined STDC_HEADERS && defined HAVE_MEMORY_H
| #  include <memory.h>
| # endif
| # include <string.h>
| #endif
| #ifdef HAVE_STRINGS_H
| # include <strings.h>
| #endif
| #ifdef HAVE_INTTYPES_H
| # include <inttypes.h>
| #endif
| #ifdef HAVE_STDINT_H
| # include <stdint.h>
| #endif
| #ifdef HAVE_UNISTD_H
| # include <unistd.h>
| #endif
| #include <windows.h>
configure:16278: result: no
configure:16278: checking windows.h presence
configure:16278: g++ -E  conftest.cpp
conftest.cpp:27:21: fatal error: windows.h: No such file or directory
 #include <windows.h>
                     ^
compilation terminated.
configure:16278: $? = 1
configure: failed program was:
| /* confdefs.h */
| #define PACKAGE_NAME "snappy"
| #define PACKAGE_TARNAME "snappy"
| #define PACKAGE_VERSION "1.1.4"
| #define PACKAGE_STRING "snappy 1.1.4"
| #define PACKAGE_BUGREPORT ""
| #define PACKAGE_URL ""
| #define PACKAGE "snappy"
| #define VERSION "1.1.4"
| #define STDC_HEADERS 1
| #define HAVE_SYS_TYPES_H 1
| #define HAVE_SYS_STAT_H 1
| #define HAVE_STDLIB_H 1
| #define HAVE_STRING_H 1
| #define HAVE_MEMORY_H 1
| #define HAVE_STRINGS_H 1
| #define HAVE_INTTYPES_H 1
| #define HAVE_STDINT_H 1
| #define HAVE_UNISTD_H 1
| #define HAVE_DLFCN_H 1
| #define LT_OBJDIR ".libs/"
| #define HAVE_STDINT_H 1
| #define HAVE_STDDEF_H 1
| #define HAVE_SYS_MMAN_H 1
| #define HAVE_SYS_RESOURCE_H 1
| /* end confdefs.h.  */
| #include <windows.h>
configure:16278: result: no
configure:16278: checking for windows.h
configure:16278: result: no
configure:16278: checking byteswap.h usability
configure:16278: g++ -c -g -O2  conftest.cpp >&5
configure:16278: $? = 0
configure:16278: result: yes
configure:16278: checking byteswap.h presence
configure:16278: g++ -E  conftest.cpp
configure:16278: $? = 0
configure:16278: result: yes
configure:16278: checking for byteswap.h
configure:16278: result: yes
configure:16278: checking sys/byteswap.h usability
configure:16278: g++ -c -g -O2  conftest.cpp >&5
conftest.cpp:61:26: fatal error: sys/byteswap.h: No such file or directory
 #include <sys/byteswap.h>
                          ^
compilation terminated.
configure:16278: $? = 1
configure: failed program was:
| /* confdefs.h */
| #define PACKAGE_NAME "snappy"
| #define PACKAGE_TARNAME "snappy"
| #define PACKAGE_VERSION "1.1.4"
| #define PACKAGE_STRING "snappy 1.1.4"
| #define PACKAGE_BUGREPORT ""
| #define PACKAGE_URL ""
| #define PACKAGE "snappy"
| #define VERSION "1.1.4"
| #define STDC_HEADERS 1
| #define HAVE_SYS_TYPES_H 1
| #define HAVE_SYS_STAT_H 1
| #define HAVE_STDLIB_H 1
| #define HAVE_STRING_H 1
| #define HAVE_MEMORY_H 1
| #define HAVE_STRINGS_H 1
| #define HAVE_INTTYPES_H 1
| #define HAVE_STDINT_H 1
| #define HAVE_UNISTD_H 1
| #define HAVE_DLFCN_H 1
| #define LT_OBJDIR ".libs/"
| #define HAVE_STDINT_H 1
| #define HAVE_STDDEF_H 1
| #define HAVE_SYS_MMAN_H 1
| #define HAVE_SYS_RESOURCE_H 1
| #define HAVE_BYTESWAP_H 1
| /* end confdefs.h.  */
| #include <stdio.h>
| #ifdef HAVE_SYS_TYPES_H
| # include <sys/types.h>
| #endif
| #ifdef HAVE_SYS_STAT_H
| # include <sys/stat.h>
| #endif
| #ifdef STDC_HEADERS
| # include <stdlib.h>
| # include <stddef.h>
| #else
| # ifdef HAVE_STDLIB_H
| #  include <stdlib.h>
| # endif
| #endif
| #ifdef HAVE_STRING_H
| # if !defined STDC_HEADERS && defined HAVE_MEMORY_H
| #  include <memory.h>
| # endif
| # include <string.h>
| #endif
| #ifdef HAVE_STRINGS_H
| # include <strings.h>
| #endif
| #ifdef HAVE_INTTYPES_H
| # include <inttypes.h>
| #endif
| #ifdef HAVE_STDINT_H
| # include <stdint.h>
| #endif
| #ifdef HAVE_UNISTD_H
| # include <unistd.h>
| #endif
| #include <sys/byteswap.h>
configure:16278: result: no
configure:16278: checking sys/byteswap.h presence
configure:16278: g++ -E  conftest.cpp
conftest.cpp:28:26: fatal error: sys/byteswap.h: No such file or directory
 #include <sys/byteswap.h>
                          ^
compilation terminated.
configure:16278: $? = 1
configure: failed program was:
| /* confdefs.h */
| #define PACKAGE_NAME "snappy"
| #define PACKAGE_TARNAME "snappy"
| #define PACKAGE_VERSION "1.1.4"
| #define PACKAGE_STRING "snappy 1.1.4"
| #define PACKAGE_BUGREPORT ""
| #define PACKAGE_URL ""
| #define PACKAGE "snappy"
| #define VERSION "1.1.4"
| #define STDC_HEADERS 1
| #define HAVE_SYS_TYPES_H 1
| #define HAVE_SYS_STAT_H 1
| #define HAVE_STDLIB_H 1
| #define HAVE_STRING_H 1
| #define HAVE_MEMORY_H 1
| #define HAVE_STRINGS_H 1
| #define HAVE_INTTYPES_H 1
| #define HAVE_STDINT_H 1
| #define HAVE_UNISTD_H 1
| #define HAVE_DLFCN_H 1
| #define LT_OBJDIR ".libs/"
| #define HAVE_STDINT_H 1
| #define HAVE_STDDEF_H 1
| #define HAVE_SYS_MMAN_H 1
| #define HAVE_SYS_RESOURCE_H 1
| #define HAVE_BYTESWAP_H 1
| /* end confdefs.h.  */
| #include <sys/byteswap.h>
configure:16278: result: no
configure:16278: checking for sys/byteswap.h
configure:16278: result: no
configure:16278: checking sys/endian.h usability
configure:16278: g++ -c -g -O2  conftest.cpp >&5
conftest.cpp:61:24: fatal error: sys/endian.h: No such file or directory
 #include <sys/endian.h>
                        ^
compilation terminated.
configure:16278: $? = 1
configure: failed program was:
| /* confdefs.h */
| #define PACKAGE_NAME "snappy"
| #define PACKAGE_TARNAME "snappy"
| #define PACKAGE_VERSION "1.1.4"
| #define PACKAGE_STRING "snappy 1.1.4"
| #define PACKAGE_BUGREPORT ""
| #define PACKAGE_URL ""
| #define PACKAGE "snappy"
| #define VERSION "1.1.4"
| #define STDC_HEADERS 1
| #define HAVE_SYS_TYPES_H 1
| #define HAVE_SYS_STAT_H 1
| #define HAVE_STDLIB_H 1
| #define HAVE_STRING_H 1
| #define HAVE_MEMORY_H 1
| #define HAVE_STRINGS_H 1
| #define HAVE_INTTYPES_H 1
| #define HAVE_STDINT_H 1
| #define HAVE_UNISTD_H 1
| #define HAVE_DLFCN_H 1
| #define LT_OBJDIR ".libs/"
| #define HAVE_STDINT_H 1
| #define HAVE_STDDEF_H 1
| #define HAVE_SYS_MMAN_H 1
| #define HAVE_SYS_RESOURCE_H 1
| #define HAVE_BYTESWAP_H 1
| /* end confdefs.h.  */
| #include <stdio.h>
| #ifdef HAVE_SYS_TYPES_H
| # include <sys/types.h>
| #endif
| #ifdef HAVE_SYS_STAT_H
| # include <sys/stat.h>
| #endif
| #ifdef STDC_HEADERS
| # include <stdlib.h>
| # include <stddef.h>
| #else
| # ifdef HAVE_STDLIB_H
| #  include <stdlib.h>
| # endif
| #endif
| #ifdef HAVE_STRING_H
| # if !defined STDC_HEADERS && defined HAVE_MEMORY_H
| #  include <memory.h>
| # endif
| # include <string.h>
| #endif
| #ifdef HAVE_STRINGS_H
| # include <strings.h>
| #endif
| #ifdef HAVE_INTTYPES_H
| # include <inttypes.h>
| #endif
| #ifdef HAVE_STDINT_H
| # include <stdint.h>
| #endif
| #ifdef HAVE_UNISTD_H
| # include <unistd.h>
| #endif
| #include <sys/endian.h>
configure:16278: result: no
configure:16278: checking sys/endian.h presence
configure:16278: g++ -E  conftest.cpp
conftest.cpp:28:24: fatal error: sys/endian.h: No such file or directory
 #include <sys/endian.h>
                        ^
compilation terminated.
configure:16278: $? = 1
configure: failed program was:
| /* confdefs.h */
| #define PACKAGE_NAME "snappy"
| #define PACKAGE_TARNAME "snappy"
| #define PACKAGE_VERSION "1.1.4"
| #define PACKAGE_STRING "snappy 1.1.4"
| #define PACKAGE_BUGREPORT ""
| #define PACKAGE_URL ""
| #define PACKAGE "snappy"
| #define VERSION "1.1.4"
| #define STDC_HEADERS 1
| #define HAVE_SYS_TYPES_H 1
| #define HAVE_SYS_STAT_H 1
| #define HAVE_STDLIB_H 1
| #define HAVE_STRING_H 1
| #define HAVE_MEMORY_H 1
| #define HAVE_STRINGS_H 1
| #define HAVE_INTTYPES_H 1
| #define HAVE_STDINT_H 1
| #define HAVE_UNISTD_H 1
| #define HAVE_DLFCN_H 1
| #define LT_OBJDIR ".libs/"
| #define HAVE_STDINT_H 1
| #define HAVE_STDDEF_H 1
| #define HAVE_SYS_MMAN_H 1
| #define HAVE_SYS_RESOURCE_H 1
| #define HAVE_BYTESWAP_H 1
| /* end confdefs.h.  */
| #include <sys/endian.h>
configure:16278: result: no
configure:16278: checking for sys/endian.h
configure:16278: result: no
configure:16278: checking sys/time.h usability
configure:16278: g++ -c -g -O2  conftest.cpp >&5
configure:16278: $? = 0
configure:16278: result: yes
configure:16278: checking sys/time.h presence
configure:16278: g++ -E  conftest.cpp
configure:16278: $? = 0
configure:16278: result: yes
configure:16278: checking for sys/time.h
configure:16278: result: yes
configure:16291: checking for mmap
configure:16291: g++ -o conftest -g -O2   conftest.cpp  >&5
configure:16291: $? = 0
configure:16291: result: yes
configure:16313: checking for 'gtest-config'
configure:16334: checking for gtest-config
configure:16367: result: no
configure:16388: result: no
configure:16487: checking for pkg-config
configure:16505: found /usr/bin/pkg-config
configure:16517: result: /usr/bin/pkg-config
configure:16542: checking pkg-config is at least version 0.9.0
configure:16545: result: yes
configure:16555: checking for gflags
configure:16562: $PKG_CONFIG --exists --print-errors "libgflags"
Package libgflags was not found in the pkg-config search path.
Perhaps you should add the directory containing `libgflags.pc'
to the PKG_CONFIG_PATH environment variable
No package 'libgflags' found
configure:16565: $? = 1
configure:16579: $PKG_CONFIG --exists --print-errors "libgflags"
Package libgflags was not found in the pkg-config search path.
Perhaps you should add the directory containing `libgflags.pc'
to the PKG_CONFIG_PATH environment variable
No package 'libgflags' found
configure:16582: $? = 1
configure:16596: result: no
No package 'libgflags' found
configure:16640: checking if the compiler supports __builtin_expect
configure:16656: g++ -c -g -O2  conftest.cpp >&5
configure:16656: $? = 0
configure:16659: result: yes
configure:16678: checking if the compiler supports __builtin_ctzll
configure:16694: g++ -c -g -O2  conftest.cpp >&5
configure:16694: $? = 0
configure:16697: result: yes
configure:16720: checking for zlibVersion in -lz
configure:16745: g++ -o conftest -g -O2   conftest.cpp -lz   >&5
/usr/bin/ld: cannot find -lz
collect2: error: ld returned 1 exit status
configure:16745: $? = 1
configure: failed program was:
| /* confdefs.h */
| #define PACKAGE_NAME "snappy"
| #define PACKAGE_TARNAME "snappy"
| #define PACKAGE_VERSION "1.1.4"
| #define PACKAGE_STRING "snappy 1.1.4"
| #define PACKAGE_BUGREPORT ""
| #define PACKAGE_URL ""
| #define PACKAGE "snappy"
| #define VERSION "1.1.4"
| #define STDC_HEADERS 1
| #define HAVE_SYS_TYPES_H 1
| #define HAVE_SYS_STAT_H 1
| #define HAVE_STDLIB_H 1
| #define HAVE_STRING_H 1
| #define HAVE_MEMORY_H 1
| #define HAVE_STRINGS_H 1
| #define HAVE_INTTYPES_H 1
| #define HAVE_STDINT_H 1
| #define HAVE_UNISTD_H 1
| #define HAVE_DLFCN_H 1
| #define LT_OBJDIR ".libs/"
| #define HAVE_STDINT_H 1
| #define HAVE_STDDEF_H 1
| #define HAVE_SYS_MMAN_H 1
| #define HAVE_SYS_RESOURCE_H 1
| #define HAVE_BYTESWAP_H 1
| #define HAVE_SYS_TIME_H 1
| #define HAVE_BUILTIN_EXPECT 1
| #define HAVE_BUILTIN_CTZ 1
| /* end confdefs.h.  */
| 
| /* Override any GCC internal prototype to avoid an error.
|    Use char because int might match the return type of a GCC
|    builtin and then its argument prototype would still apply.  */
| #ifdef __cplusplus
| extern "C"
| #endif
| char zlibVersion ();
| int
| main ()
| {
| return zlibVersion ();
|   ;
|   return 0;
| }
configure:16754: result: no
configure:16772: checking for lzo1x_1_15_compress in -llzo2
configure:16797: g++ -o conftest -g -O2   conftest.cpp -llzo2   >&5
/usr/bin/ld: cannot find -llzo2
collect2: error: ld returned 1 exit status
configure:16797: $? = 1
configure: failed program was:
| /* confdefs.h */
| #define PACKAGE_NAME "snappy"
| #define PACKAGE_TARNAME "snappy"
| #define PACKAGE_VERSION "1.1.4"
| #define PACKAGE_STRING "snappy 1.1.4"
| #define PACKAGE_BUGREPORT ""
| #define PACKAGE_URL ""
| #define PACKAGE "snappy"
| #define VERSION "1.1.4"
| #define STDC_HEADERS 1
| #define HAVE_SYS_TYPES_H 1
| #define HAVE_SYS_STAT_H 1
| #define HAVE_STDLIB_H 1
| #define HAVE_STRING_H 1
| #define HAVE_MEMORY_H 1
| #define HAVE_STRINGS_H 1
| #define HAVE_INTTYPES_H 1
| #define HAVE_STDINT_H 1
| #define HAVE_UNISTD_H 1
| #define HAVE_DLFCN_H 1
| #define LT_OBJDIR ".libs/"
| #define HAVE_STDINT_H 1
| #define HAVE_STDDEF_H 1
| #define HAVE_SYS_MMAN_H 1
| #define HAVE_SYS_RESOURCE_H 1
| #define HAVE_BYTESWAP_H 1
| #define HAVE_SYS_TIME_H 1
| #define HAVE_BUILTIN_EXPECT 1
| #define HAVE_BUILTIN_CTZ 1
| /* end confdefs.h.  */
| 
| /* Override any GCC internal prototype to avoid an error.
|    Use char because int might match the return type of a GCC
|    builtin and then its argument prototype would still apply.  */
| #ifdef __cplusplus
| extern "C"
| #endif
| char lzo1x_1_15_compress ();
| int
| main ()
| {
| return lzo1x_1_15_compress ();
|   ;
|   return 0;
| }
configure:16806: result: no
configure:16824: checking for lzf_compress in -llzf
configure:16849: g++ -o conftest -g -O2   conftest.cpp -llzf   >&5
/usr/bin/ld: cannot find -llzf
collect2: error: ld returned 1 exit status
configure:16849: $? = 1
configure: failed program was:
| /* confdefs.h */
| #define PACKAGE_NAME "snappy"
| #define PACKAGE_TARNAME "snappy"
| #define PACKAGE_VERSION "1.1.4"
| #define PACKAGE_STRING "snappy 1.1.4"
| #define PACKAGE_BUGREPORT ""
| #define PACKAGE_URL ""
| #define PACKAGE "snappy"
| #define VERSION "1.1.4"
| #define STDC_HEADERS 1
| #define HAVE_SYS_TYPES_H 1
| #define HAVE_SYS_STAT_H 1
| #define HAVE_STDLIB_H 1
| #define HAVE_STRING_H 1
| #define HAVE_MEMORY_H 1
| #define HAVE_STRINGS_H 1
| #define HAVE_INTTYPES_H 1
| #define HAVE_STDINT_H 1
| #define HAVE_UNISTD_H 1
| #define HAVE_DLFCN_H 1
| #define LT_OBJDIR ".libs/"
| #define HAVE_STDINT_H 1
| #define HAVE_STDDEF_H 1
| #define HAVE_SYS_MMAN_H 1
| #define HAVE_SYS_RESOURCE_H 1
| #define HAVE_BYTESWAP_H 1
| #define HAVE_SYS_TIME_H 1
| #define HAVE_BUILTIN_EXPECT 1
| #define HAVE_BUILTIN_CTZ 1
| /* end confdefs.h.  */
| 
| /* Override any GCC internal prototype to avoid an error.
|    Use char because int might match the return type of a GCC
|    builtin and then its argument prototype would still apply.  */
| #ifdef __cplusplus
| extern "C"
| #endif
| char lzf_compress ();
| int
| main ()
| {
| return lzf_compress ();
|   ;
|   return 0;
| }
configure:16858: result: no
configure:16876: checking for fastlz_compress in -lfastlz
configure:16901: g++ -o conftest -g -O2   conftest.cpp -lfastlz   >&5
/usr/bin/ld: cannot find -lfastlz
collect2: error: ld returned 1 exit status
configure:16901: $? = 1
configure: failed program was:
| /* confdefs.h */
| #define PACKAGE_NAME "snappy"
| #define PACKAGE_TARNAME "snappy"
| #define PACKAGE_VERSION "1.1.4"
| #define PACKAGE_STRING "snappy 1.1.4"
| #define PACKAGE_BUGREPORT ""
| #define PACKAGE_URL ""
| #define PACKAGE "snappy"
| #define VERSION "1.1.4"
| #define STDC_HEADERS 1
| #define HAVE_SYS_TYPES_H 1
| #define HAVE_SYS_STAT_H 1
| #define HAVE_STDLIB_H 1
| #define HAVE_STRING_H 1
| #define HAVE_MEMORY_H 1
| #define HAVE_STRINGS_H 1
| #define HAVE_INTTYPES_H 1
| #define HAVE_STDINT_H 1
| #define HAVE_UNISTD_H 1
| #define HAVE_DLFCN_H 1
| #define LT_OBJDIR ".libs/"
| #define HAVE_STDINT_H 1
| #define HAVE_STDDEF_H 1
| #define HAVE_SYS_MMAN_H 1
| #define HAVE_SYS_RESOURCE_H 1
| #define HAVE_BYTESWAP_H 1
| #define HAVE_SYS_TIME_H 1
| #define HAVE_BUILTIN_EXPECT 1
| #define HAVE_BUILTIN_CTZ 1
| /* end confdefs.h.  */
| 
| /* Override any GCC internal prototype to avoid an error.
|    Use char because int might match the return type of a GCC
|    builtin and then its argument prototype would still apply.  */
| #ifdef __cplusplus
| extern "C"
| #endif
| char fastlz_compress ();
| int
| main ()
| {
| return fastlz_compress ();
|   ;
|   return 0;
| }
configure:16910: result: no
configure:16928: checking for qlz_compress in -lquicklz
configure:16953: g++ -o conftest -g -O2   conftest.cpp -lquicklz   >&5
/usr/bin/ld: cannot find -lquicklz
collect2: error: ld returned 1 exit status
configure:16953: $? = 1
configure: failed program was:
| /* confdefs.h */
| #define PACKAGE_NAME "snappy"
| #define PACKAGE_TARNAME "snappy"
| #define PACKAGE_VERSION "1.1.4"
| #define PACKAGE_STRING "snappy 1.1.4"
| #define PACKAGE_BUGREPORT ""
| #define PACKAGE_URL ""
| #define PACKAGE "snappy"
| #define VERSION "1.1.4"
| #define STDC_HEADERS 1
| #define HAVE_SYS_TYPES_H 1
| #define HAVE_SYS_STAT_H 1
| #define HAVE_STDLIB_H 1
| #define HAVE_STRING_H 1
| #define HAVE_MEMORY_H 1
| #define HAVE_STRINGS_H 1
| #define HAVE_INTTYPES_H 1
| #define HAVE_STDINT_H 1
| #define HAVE_UNISTD_H 1
| #define HAVE_DLFCN_H 1
| #define LT_OBJDIR ".libs/"
| #define HAVE_STDINT_H 1
| #define HAVE_STDDEF_H 1
| #define HAVE_SYS_MMAN_H 1
| #define HAVE_SYS_RESOURCE_H 1
| #define HAVE_BYTESWAP_H 1
| #define HAVE_SYS_TIME_H 1
| #define HAVE_BUILTIN_EXPECT 1
| #define HAVE_BUILTIN_CTZ 1
| /* end confdefs.h.  */
| 
| /* Override any GCC internal prototype to avoid an error.
|    Use char because int might match the return type of a GCC
|    builtin and then its argument prototype would still apply.  */
| #ifdef __cplusplus
| extern "C"
| #endif
| char qlz_compress ();
| int
| main ()
| {
| return qlz_compress ();
|   ;
|   return 0;
| }
configure:16962: result: no
configure:17127: checking that generated files are newer than configure
configure:17133: result: done
configure:17165: creating ./config.status

## ---------------- ##
## Cache variables. ##
## ---------------- ##

ac_cv_build=armv7l-unknown-linux-gnueabihf
ac_cv_c_bigendian=no
ac_cv_c_compiler_gnu=yes
ac_cv_cxx_compiler_gnu=yes
ac_cv_env_CCC_set=
ac_cv_env_CCC_value=
ac_cv_env_CC_set=
ac_cv_env_CC_value=
ac_cv_env_CFLAGS_set=
ac_cv_env_CFLAGS_value=
ac_cv_env_CPPFLAGS_set=
ac_cv_env_CPPFLAGS_value=
ac_cv_env_CPP_set=
ac_cv_env_CPP_value=
ac_cv_env_CXXCPP_set=
ac_cv_env_CXXCPP_value=
ac_cv_env_CXXFLAGS_set=
ac_cv_env_CXXFLAGS_value=
ac_cv_env_CXX_set=
ac_cv_env_CXX_value=
ac_cv_env_GTEST_CONFIG_set=
ac_cv_env_GTEST_CONFIG_value=
ac_cv_env_GTEST_CPPFLAGS_set=
ac_cv_env_GTEST_CPPFLAGS_value=
ac_cv_env_GTEST_CXXFLAGS_set=
ac_cv_env_GTEST_CXXFLAGS_value=
ac_cv_env_GTEST_LDFLAGS_set=
ac_cv_env_GTEST_LDFLAGS_value=
ac_cv_env_GTEST_LIBS_set=
ac_cv_env_GTEST_LIBS_value=
ac_cv_env_GTEST_VERSION_set=
ac_cv_env_GTEST_VERSION_value=
ac_cv_env_LDFLAGS_set=
ac_cv_env_LDFLAGS_value=
ac_cv_env_LIBS_set=
ac_cv_env_LIBS_value=
ac_cv_env_LT_SYS_LIBRARY_PATH_set=
ac_cv_env_LT_SYS_LIBRARY_PATH_value=
ac_cv_env_PKG_CONFIG_LIBDIR_set=
ac_cv_env_PKG_CONFIG_LIBDIR_value=
ac_cv_env_PKG_CONFIG_PATH_set=
ac_cv_env_PKG_CONFIG_PATH_value=
ac_cv_env_PKG_CONFIG_set=
ac_cv_env_PKG_CONFIG_value=
ac_cv_env_build_alias_set=
ac_cv_env_build_alias_value=
ac_cv_env_gflags_CFLAGS_set=
ac_cv_env_gflags_CFLAGS_value=
ac_cv_env_gflags_LIBS_set=
ac_cv_env_gflags_LIBS_value=
ac_cv_env_host_alias_set=
ac_cv_env_host_alias_value=
ac_cv_env_target_alias_set=
ac_cv_env_target_alias_value=
ac_cv_func_mmap=yes
ac_cv_have_stddef_h=1
ac_cv_have_stdint_h=1
ac_cv_have_sys_uio_h=0
ac_cv_header_byteswap_h=yes
ac_cv_header_dlfcn_h=yes
ac_cv_header_inttypes_h=yes
ac_cv_header_memory_h=yes
ac_cv_header_stdc=yes
ac_cv_header_stddef_h=yes
ac_cv_header_stdint_h=yes
ac_cv_header_stdlib_h=yes
ac_cv_header_string_h=yes
ac_cv_header_strings_h=yes
ac_cv_header_sys_byteswap_h=no
ac_cv_header_sys_endian_h=no
ac_cv_header_sys_mman_h=yes
ac_cv_header_sys_resource_h=yes
ac_cv_header_sys_stat_h=yes
ac_cv_header_sys_time_h=yes
ac_cv_header_sys_types_h=yes
ac_cv_header_unistd_h=yes
ac_cv_header_windows_h=no
ac_cv_host=armv7l-unknown-linux-gnueabihf
ac_cv_lib_fastlz_fastlz_compress=no
ac_cv_lib_lzf_lzf_compress=no
ac_cv_lib_lzo2_lzo1x_1_15_compress=no
ac_cv_lib_quicklz_qlz_compress=no
ac_cv_lib_z_zlibVersion=no
ac_cv_objext=o
ac_cv_path_EGREP='/bin/grep -E'
ac_cv_path_FGREP='/bin/grep -F'
ac_cv_path_GREP=/bin/grep
ac_cv_path_SED=/bin/sed
ac_cv_path_ac_pt_PKG_CONFIG=/usr/bin/pkg-config
ac_cv_path_install='/usr/bin/install -c'
ac_cv_path_lt_DD=/bin/dd
ac_cv_path_mkdir=/bin/mkdir
ac_cv_prog_AWK=mawk
ac_cv_prog_CPP='gcc -E'
ac_cv_prog_CXXCPP='g++ -E'
ac_cv_prog_ac_ct_AR=ar
ac_cv_prog_ac_ct_CC=gcc
ac_cv_prog_ac_ct_CXX=g++
ac_cv_prog_ac_ct_MANIFEST_TOOL=mt
ac_cv_prog_ac_ct_OBJDUMP=objdump
ac_cv_prog_ac_ct_RANLIB=ranlib
ac_cv_prog_ac_ct_STRIP=strip
ac_cv_prog_cc_c89=
ac_cv_prog_cc_g=yes
ac_cv_prog_cxx_g=yes
ac_cv_prog_make_make_set=yes
ac_cv_type_size_t=yes
ac_cv_type_ssize_t=yes
am_cv_CC_dependencies_compiler_type=gcc3
am_cv_CXX_dependencies_compiler_type=gcc3
am_cv_make_support_nested_variables=yes
am_cv_prog_cc_c_o=yes
lt_cv_ar_at_file=@
lt_cv_archive_cmds_need_lc=no
lt_cv_deplibs_check_method=pass_all
lt_cv_file_magic_cmd='$MAGIC_CMD'
lt_cv_file_magic_test_file=
lt_cv_ld_reload_flag=-r
lt_cv_nm_interface='BSD nm'
lt_cv_objdir=.libs
lt_cv_path_LD=/usr/bin/ld
lt_cv_path_LDCXX=/usr/bin/ld
lt_cv_path_NM='/usr/bin/nm -B'
lt_cv_path_mainfest_tool=no
lt_cv_prog_compiler_c_o=yes
lt_cv_prog_compiler_c_o_CXX=yes
lt_cv_prog_compiler_pic='-fPIC -DPIC'
lt_cv_prog_compiler_pic_CXX='-fPIC -DPIC'
lt_cv_prog_compiler_pic_works=yes
lt_cv_prog_compiler_pic_works_CXX=yes
lt_cv_prog_compiler_rtti_exceptions=no
lt_cv_prog_compiler_static_works=yes
lt_cv_prog_compiler_static_works_CXX=yes
lt_cv_prog_gnu_ld=yes
lt_cv_prog_gnu_ldcxx=yes
lt_cv_sharedlib_from_linklib_cmd='printf %s\n'
lt_cv_shlibpath_overrides_runpath=no
lt_cv_sys_global_symbol_pipe='sed -n -e '\''s/^.*[	 ]\([ABCDGIRSTW][ABCDGIRSTW]*\)[	 ][	 ]*\([_A-Za-z][_A-Za-z0-9]*\)$/\1 \2 \2/p'\'' | sed '\''/ __gnu_lto/d'\'''
lt_cv_sys_global_symbol_to_c_name_address='sed -n -e '\''s/^: \(.*\) .*$/  {"\1", (void *) 0},/p'\'' -e '\''s/^[ABCDGIRSTW][ABCDGIRSTW]* .* \(.*\)$/  {"\1", (void *) \&\1},/p'\'''
lt_cv_sys_global_symbol_to_c_name_address_lib_prefix='sed -n -e '\''s/^: \(.*\) .*$/  {"\1", (void *) 0},/p'\'' -e '\''s/^[ABCDGIRSTW][ABCDGIRSTW]* .* \(lib.*\)$/  {"\1", (void *) \&\1},/p'\'' -e '\''s/^[ABCDGIRSTW][ABCDGIRSTW]* .* \(.*\)$/  {"lib\1", (void *) \&\1},/p'\'''
lt_cv_sys_global_symbol_to_cdecl='sed -n -e '\''s/^T .* \(.*\)$/extern int \1();/p'\'' -e '\''s/^[ABCDGIRSTW][ABCDGIRSTW]* .* \(.*\)$/extern char \1;/p'\'''
lt_cv_sys_global_symbol_to_import=
lt_cv_sys_max_cmd_len=1572864
lt_cv_to_host_file_cmd=func_convert_file_noop
lt_cv_to_tool_file_cmd=func_convert_file_noop
lt_cv_truncate_bin='/bin/dd bs=4096 count=1'

## ----------------- ##
## Output variables. ##
## ----------------- ##

ACLOCAL='${SHELL} /home/linaro/workspace/snappy-1.1.4/missing aclocal-1.15'
AMDEPBACKSLASH='\'
AMDEP_FALSE='#'
AMDEP_TRUE=''
AMTAR='$${TAR-tar}'
AM_BACKSLASH='\'
AM_DEFAULT_V='$(AM_DEFAULT_VERBOSITY)'
AM_DEFAULT_VERBOSITY='1'
AM_V='$(V)'
AR='ar'
AUTOCONF='${SHELL} /home/linaro/workspace/snappy-1.1.4/missing autoconf'
AUTOHEADER='${SHELL} /home/linaro/workspace/snappy-1.1.4/missing autoheader'
AUTOMAKE='${SHELL} /home/linaro/workspace/snappy-1.1.4/missing automake-1.15'
AWK='mawk'
CC='gcc'
CCDEPMODE='depmode=gcc3'
CFLAGS='-g -O2'
CPP='gcc -E'
CPPFLAGS=''
CXX='g++'
CXXCPP='g++ -E'
CXXDEPMODE='depmode=gcc3'
CXXFLAGS='-g -O2'
CYGPATH_W='echo'
DEFS='-DHAVE_CONFIG_H'
DEPDIR='.deps'
DLLTOOL='false'
DSYMUTIL=''
DUMPBIN=''
ECHO_C=''
ECHO_N='-n'
ECHO_T=''
EGREP='/bin/grep -E'
EXEEXT=''
FGREP='/bin/grep -F'
GREP='/bin/grep'
GTEST_CONFIG=''
GTEST_CPPFLAGS=''
GTEST_CXXFLAGS=''
GTEST_LDFLAGS=''
GTEST_LIBS=''
GTEST_VERSION=''
HAVE_GTEST='no'
HAVE_GTEST_FALSE=''
HAVE_GTEST_TRUE='#'
INSTALL_DATA='${INSTALL} -m 644'
INSTALL_PROGRAM='${INSTALL}'
INSTALL_SCRIPT='${INSTALL}'
INSTALL_STRIP_PROGRAM='$(install_sh) -c -s'
LD='/usr/bin/ld'
LDFLAGS=''
LIBOBJS=''
LIBS=''
LIBTOOL='$(SHELL) $(top_builddir)/libtool'
LIBTOOL_DEPS='./ltmain.sh'
LIPO=''
LN_S='ln -s'
LTLIBOBJS=''
LT_SYS_LIBRARY_PATH=''
MAKEINFO='${SHELL} /home/linaro/workspace/snappy-1.1.4/missing makeinfo'
MANIFEST_TOOL=':'
MKDIR_P='/bin/mkdir -p'
NM='/usr/bin/nm -B'
NMEDIT=''
OBJDUMP='objdump'
OBJEXT='o'
OTOOL64=''
OTOOL=''
PACKAGE='snappy'
PACKAGE_BUGREPORT=''
PACKAGE_NAME='snappy'
PACKAGE_STRING='snappy 1.1.4'
PACKAGE_TARNAME='snappy'
PACKAGE_URL=''
PACKAGE_VERSION='1.1.4'
PATH_SEPARATOR=':'
PKG_CONFIG='/usr/bin/pkg-config'
PKG_CONFIG_LIBDIR=''
PKG_CONFIG_PATH=''
RANLIB='ranlib'
SED='/bin/sed'
SET_MAKE=''
SHELL='/bin/bash'
SNAPPY_LTVERSION='4:1:3'
SNAPPY_MAJOR='1'
SNAPPY_MINOR='1'
SNAPPY_PATCHLEVEL='4'
STRIP='strip'
UNITTEST_LIBS=''
VERSION='1.1.4'
ac_ct_AR='ar'
ac_ct_CC='gcc'
ac_ct_CXX='g++'
ac_ct_DUMPBIN=''
ac_cv_have_stddef_h='1'
ac_cv_have_stdint_h='1'
ac_cv_have_sys_uio_h='0'
am__EXEEXT_FALSE=''
am__EXEEXT_TRUE='#'
am__fastdepCC_FALSE='#'
am__fastdepCC_TRUE=''
am__fastdepCXX_FALSE='#'
am__fastdepCXX_TRUE=''
am__include='include'
am__isrc=''
am__leading_dot='.'
am__nodep='_no'
am__quote=''
am__tar='$${TAR-tar} chof - "$$tardir"'
am__untar='$${TAR-tar} xf -'
bindir='${exec_prefix}/bin'
build='armv7l-unknown-linux-gnueabihf'
build_alias=''
build_cpu='armv7l'
build_os='linux-gnueabihf'
build_vendor='unknown'
datadir='${datarootdir}'
datarootdir='${prefix}/share'
docdir='${datarootdir}/doc/${PACKAGE_TARNAME}'
dvidir='${docdir}'
exec_prefix='${prefix}'
gflags_CFLAGS=''
gflags_LIBS=''
host='armv7l-unknown-linux-gnueabihf'
host_alias=''
host_cpu='armv7l'
host_os='linux-gnueabihf'
host_vendor='unknown'
htmldir='${docdir}'
includedir='${prefix}/include'
infodir='${datarootdir}/info'
install_sh='${SHELL} /home/linaro/workspace/snappy-1.1.4/install-sh'
libdir='${exec_prefix}/lib'
libexecdir='${exec_prefix}/libexec'
localedir='${datarootdir}/locale'
localstatedir='${prefix}/var'
mandir='${datarootdir}/man'
mkdir_p='$(MKDIR_P)'
oldincludedir='/usr/include'
pdfdir='${docdir}'
prefix='/usr/local'
program_transform_name='s,x,x,'
psdir='${docdir}'
runstatedir='${localstatedir}/run'
sbindir='${exec_prefix}/sbin'
sharedstatedir='${prefix}/com'
sysconfdir='${prefix}/etc'
target_alias=''

## ----------- ##
## confdefs.h. ##
## ----------- ##

/* confdefs.h */
#define PACKAGE_NAME "snappy"
#define PACKAGE_TARNAME "snappy"
#define PACKAGE_VERSION "1.1.4"
#define PACKAGE_STRING "snappy 1.1.4"
#define PACKAGE_BUGREPORT ""
#define PACKAGE_URL ""
#define PACKAGE "snappy"
#define VERSION "1.1.4"
#define STDC_HEADERS 1
#define HAVE_SYS_TYPES_H 1
#define HAVE_SYS_STAT_H 1
#define HAVE_STDLIB_H 1
#define HAVE_STRING_H 1
#define HAVE_MEMORY_H 1
#define HAVE_STRINGS_H 1
#define HAVE_INTTYPES_H 1
#define HAVE_STDINT_H 1
#define HAVE_UNISTD_H 1
#define HAVE_DLFCN_H 1
#define LT_OBJDIR ".libs/"
#define HAVE_STDINT_H 1
#define HAVE_STDDEF_H 1
#define HAVE_SYS_MMAN_H 1
#define HAVE_SYS_RESOURCE_H 1
#define HAVE_BYTESWAP_H 1
#define HAVE_SYS_TIME_H 1
#define HAVE_BUILTIN_EXPECT 1
#define HAVE_BUILTIN_CTZ 1

configure: exit 0

## ---------------------- ##
## Running config.status. ##
## ---------------------- ##

This file was extended by snappy config.status 1.1.4, which was
generated by GNU Autoconf 2.69.  Invocation command line was

  CONFIG_FILES    = 
  CONFIG_HEADERS  = 
  CONFIG_LINKS    = 
  CONFIG_COMMANDS = 
  $ ./config.status 

on linaro-alip

config.status:1180: creating Makefile
config.status:1180: creating snappy-stubs-public.h
config.status:1180: creating snappy.pc
config.status:1180: creating config.h
config.status:1361: config.h is unchanged
config.status:1409: executing depfiles commands
config.status:1409: executing libtool commands
